TN:
SF:components\Chat.js
FN:4,(anonymous_0)
FN:9,(anonymous_1)
FN:26,(anonymous_2)
FN:42,(anonymous_3)
FNF:4
FNH:4
FNDA:3,(anonymous_0)
FNDA:1,(anonymous_1)
FNDA:1,(anonymous_2)
FNDA:2,(anonymous_3)
DA:4,1
DA:5,3
DA:6,3
DA:7,3
DA:9,3
DA:10,1
DA:11,1
DA:12,1
DA:14,1
DA:15,1
DA:21,1
DA:22,0
DA:25,1
DA:26,1
DA:32,0
DA:34,1
DA:35,1
DA:39,3
DA:43,2
LF:19
LH:17
BRDA:21,0,0,0
BRDA:21,0,1,1
BRDA:48,1,0,3
BRDA:48,1,1,1
BRDA:49,2,0,3
BRDA:49,2,1,0
BRF:6
BRH:4
end_of_record
TN:
SF:components\ChatInput.js
FN:3,(anonymous_0)
FN:6,(anonymous_1)
FN:19,(anonymous_2)
FNF:3
FNH:3
FNDA:8,(anonymous_0)
FNDA:3,(anonymous_1)
FNDA:2,(anonymous_2)
DA:3,2
DA:4,8
DA:6,8
DA:7,3
DA:8,2
DA:9,2
DA:13,8
DA:19,2
LF:8
LH:8
BRDA:7,0,0,2
BRDA:7,0,1,1
BRF:2
BRH:2
end_of_record
